<?xml version="1.0" encoding="UTF-8"?>
<!-- Generated by org.testng.reporters.JUnitReportReporter -->
<testsuite name="PM.PostMethod" tests="1" time="34.399" ignored="0" failures="0" timestamp="24 Mar 2017 08:24:26 GMT" skipped="0" hostname="NDI-LAP-369" errors="0">
  <testcase name="httpPost" time="34.399" classname="PM.PostMethod"/>
</testsuite> <!-- PM.PostMethod -->
