<?xml version="1.0" encoding="UTF-8"?>
<!-- Generated by org.testng.reporters.JUnitReportReporter -->
<testsuite name="Test.APITest" tests="8" time="86.220" ignored="0" failures="0" timestamp="05 Apr 2017 06:10:48 GMT" skipped="0" hostname="NDI-LAP-369" errors="0">
  <testcase name="verifyAddEnv" time="32.563" classname="Test.APITest"/>
  <testcase name="openURL" time="9.044" classname="Test.APITest"/>
  <testcase name="runApiUerEnv" time="0.135" classname="Test.APITest"/>
  <testcase name="runApiSessionUpdate" time="0.682" classname="Test.APITest"/>
  <testcase name="courseRequestAPI" time="1.275" classname="Test.APITest"/>
  <testcase name="dbQuery" time="0.056" classname="Test.APITest"/>
  <testcase name="requestApprovalpage" time="23.040" classname="Test.APITest"/>
  <testcase name="verifyUpdateEnv" time="19.425" classname="Test.APITest"/>
</testsuite> <!-- Test.APITest -->
